0 info it worked if it ends with ok
1 verbose cli [ 'C:\\Program Files\\nodejs\\\\node.exe',
1 verbose cli   'C:\\Program Files\\nodejs\\node_modules\\npm\\bin\\npm-cli.js',
1 verbose cli   'install' ]
2 info using npm@1.4.28
3 info using node@v0.10.34
4 verbose node symlink C:\Program Files\nodejs\\node.exe
5 verbose readDependencies using package.json deps
6 verbose install where, deps [ 'C:\\Users\\Administrator\\WebstormProjects\\myblog',
6 verbose install   [ 'body-parser',
6 verbose install     'cookie-parser',
6 verbose install     'debug',
6 verbose install     'express',
6 verbose install     'jade',
6 verbose install     'morgan',
6 verbose install     'serve-favicon',
6 verbose install     'express-session',
6 verbose install     'connect-mongo',
6 verbose install     'mongodb',
6 verbose install     'mongoose',
6 verbose install     'markdown',
6 verbose install     'multer',
6 verbose install     'monent' ] ]
7 info preinstall myblog@0.0.0
8 verbose readDependencies using package.json deps
9 verbose already installed skipping body-parser@~1.13.2 C:\Users\Administrator\WebstormProjects\myblog
10 verbose already installed skipping cookie-parser@~1.3.5 C:\Users\Administrator\WebstormProjects\myblog
11 verbose already installed skipping debug@~2.2.0 C:\Users\Administrator\WebstormProjects\myblog
12 verbose already installed skipping express@~4.13.1 C:\Users\Administrator\WebstormProjects\myblog
13 verbose already installed skipping jade@~1.11.0 C:\Users\Administrator\WebstormProjects\myblog
14 verbose already installed skipping morgan@~1.6.1 C:\Users\Administrator\WebstormProjects\myblog
15 verbose already installed skipping serve-favicon@~2.3.0 C:\Users\Administrator\WebstormProjects\myblog
16 verbose already installed skipping express-session@1.9.1 C:\Users\Administrator\WebstormProjects\myblog
17 verbose already installed skipping connect-mongo@0.4.1 C:\Users\Administrator\WebstormProjects\myblog
18 verbose already installed skipping mongodb@1.4.15 C:\Users\Administrator\WebstormProjects\myblog
19 verbose already installed skipping mongoose@3.8.4 C:\Users\Administrator\WebstormProjects\myblog
20 verbose already installed skipping markdown@0.5.0 C:\Users\Administrator\WebstormProjects\myblog
21 verbose cache add [ 'multer@0.1.6', null ]
22 verbose cache add name=undefined spec="multer@0.1.6" args=["multer@0.1.6",null]
23 verbose parsed url { protocol: null,
23 verbose parsed url   slashes: null,
23 verbose parsed url   auth: null,
23 verbose parsed url   host: null,
23 verbose parsed url   port: null,
23 verbose parsed url   hostname: null,
23 verbose parsed url   hash: null,
23 verbose parsed url   search: null,
23 verbose parsed url   query: null,
23 verbose parsed url   pathname: 'multer@0.1.6',
23 verbose parsed url   path: 'multer@0.1.6',
23 verbose parsed url   href: 'multer@0.1.6' }
24 verbose cache add [ 'monent@2.10.6', null ]
25 verbose cache add name=undefined spec="monent@2.10.6" args=["monent@2.10.6",null]
26 verbose parsed url { protocol: null,
26 verbose parsed url   slashes: null,
26 verbose parsed url   auth: null,
26 verbose parsed url   host: null,
26 verbose parsed url   port: null,
26 verbose parsed url   hostname: null,
26 verbose parsed url   hash: null,
26 verbose parsed url   search: null,
26 verbose parsed url   query: null,
26 verbose parsed url   pathname: 'monent@2.10.6',
26 verbose parsed url   path: 'monent@2.10.6',
26 verbose parsed url   href: 'monent@2.10.6' }
27 verbose cache add name="multer" spec="0.1.6" args=["multer","0.1.6"]
28 verbose parsed url { protocol: null,
28 verbose parsed url   slashes: null,
28 verbose parsed url   auth: null,
28 verbose parsed url   host: null,
28 verbose parsed url   port: null,
28 verbose parsed url   hostname: null,
28 verbose parsed url   hash: null,
28 verbose parsed url   search: null,
28 verbose parsed url   query: null,
28 verbose parsed url   pathname: '0.1.6',
28 verbose parsed url   path: '0.1.6',
28 verbose parsed url   href: '0.1.6' }
29 verbose addNamed [ 'multer', '0.1.6' ]
30 verbose addNamed [ '0.1.6', '0.1.6' ]
31 verbose cache add name="monent" spec="2.10.6" args=["monent","2.10.6"]
32 verbose parsed url { protocol: null,
32 verbose parsed url   slashes: null,
32 verbose parsed url   auth: null,
32 verbose parsed url   host: null,
32 verbose parsed url   port: null,
32 verbose parsed url   hostname: null,
32 verbose parsed url   hash: null,
32 verbose parsed url   search: null,
32 verbose parsed url   query: null,
32 verbose parsed url   pathname: '2.10.6',
32 verbose parsed url   path: '2.10.6',
32 verbose parsed url   href: '2.10.6' }
33 verbose addNamed [ 'monent', '2.10.6' ]
34 verbose addNamed [ '2.10.6', '2.10.6' ]
35 silly lockFile a9e82b17-multer-0-1-6 multer@0.1.6
36 verbose lock multer@0.1.6 C:\Users\Administrator\AppData\Roaming\npm-cache\a9e82b17-multer-0-1-6.lock
37 silly lockFile d80045e7-monent-2-10-6 monent@2.10.6
38 verbose lock monent@2.10.6 C:\Users\Administrator\AppData\Roaming\npm-cache\d80045e7-monent-2-10-6.lock
39 verbose request where is /monent
40 verbose request registry http://registry.npmjs.org/
41 verbose request id 49d0cef585bbb7b6
42 verbose url raw /monent
43 verbose url resolving [ 'http://registry.npmjs.org/', './monent' ]
44 verbose url resolved http://registry.npmjs.org/monent
45 verbose request where is http://registry.npmjs.org/monent
46 info trying registry request attempt 1 at 21:12:20
47 http GET http://registry.npmjs.org/monent
48 verbose request where is /multer
49 verbose request registry http://registry.npmjs.org/
50 verbose url raw /multer
51 verbose url resolving [ 'http://registry.npmjs.org/', './multer' ]
52 verbose url resolved http://registry.npmjs.org/multer
53 verbose request where is http://registry.npmjs.org/multer
54 info trying registry request attempt 1 at 21:12:20
55 verbose etag "45INKUPD4TSAWYXR77WNL4DGI"
56 http GET http://registry.npmjs.org/multer
57 http 404 http://registry.npmjs.org/monent
58 silly registry.get cb [ 404,
58 silly registry.get   { 'content-type': 'application/json',
58 silly registry.get     'cache-control': 'max-age=0',
58 silly registry.get     'content-length': '2',
58 silly registry.get     'accept-ranges': 'bytes',
58 silly registry.get     date: 'Sat, 14 Nov 2015 13:13:03 GMT',
58 silly registry.get     via: '1.1 varnish',
58 silly registry.get     age: '0',
58 silly registry.get     connection: 'keep-alive',
58 silly registry.get     'x-served-by': 'cache-nrt6131-NRT',
58 silly registry.get     'x-cache': 'MISS',
58 silly registry.get     'x-cache-hits': '0',
58 silly registry.get     'x-timer': 'S1447506782.491133,VS0,VE738' } ]
59 silly lockFile d80045e7-monent-2-10-6 monent@2.10.6
60 silly lockFile d80045e7-monent-2-10-6 monent@2.10.6
61 http 304 http://registry.npmjs.org/multer
62 silly registry.get cb [ 304,
62 silly registry.get   { date: 'Sat, 14 Nov 2015 13:13:02 GMT',
62 silly registry.get     via: '1.1 varnish',
62 silly registry.get     'cache-control': 'max-age=60',
62 silly registry.get     etag: '"45INKUPD4TSAWYXR77WNL4DGI"',
62 silly registry.get     age: '0',
62 silly registry.get     connection: 'keep-alive',
62 silly registry.get     'x-served-by': 'cache-nrt6133-NRT',
62 silly registry.get     'x-cache': 'HIT',
62 silly registry.get     'x-cache-hits': '1',
62 silly registry.get     'x-timer': 'S1447506782.515269,VS0,VE702',
62 silly registry.get     vary: 'Accept' } ]
63 verbose etag http://registry.npmjs.org/multer from cache
64 silly lockFile a9e82b17-multer-0-1-6 multer@0.1.6
65 silly lockFile a9e82b17-multer-0-1-6 multer@0.1.6
66 error 404 Not Found
66 error 404
66 error 404 'monent' is not in the npm registry.
66 error 404 You should bug the author to publish it
66 error 404 It was specified as a dependency of 'myblog'
66 error 404
66 error 404 Note that you can also install from a
66 error 404 tarball, folder, or http url, or git url.
67 error System Windows_NT 6.1.7601
68 error command "C:\\Program Files\\nodejs\\\\node.exe" "C:\\Program Files\\nodejs\\node_modules\\npm\\bin\\npm-cli.js" "install"
69 error cwd C:\Users\Administrator\WebstormProjects\myblog
70 error node -v v0.10.34
71 error npm -v 1.4.28
72 error code E404
73 verbose exit [ 1, true ]
